Command line:
   q4_tb_isim_beh.exe
     -simmode  gui
     -simrunnum  0
     -socket  55920

Thu Aug 27 11:07:40 2020


 Elaboration Time: 0.578125 sec

 Current Memory Usage: 1363.97 Meg

 Total Signals          : 9
 Total Nets             : 5
 Total Signal Drivers   : 5
 Total Blocks           : 4
 Total Primitive Blocks : 3
 Total Processes        : 4
 Total Traceable Variables  : 9
 Total Scalar Nets and Variables : 366

** Failure:finish
User(VHDL) Code Called Simulation Stop
In process q4_tb.vhd:stim_proc 
 


** Failure:finish
User(VHDL) Code Called Simulation Stop
In process q4_tb.vhd:stim_proc 
 


 Total Simulation Time: 0.609375 sec

 Current Memory Usage: 1364.08 Meg

Thu Aug 27 11:08:15 2020

