Command line:
   tff_tb_isim_beh.exe
     -simmode  gui
     -simrunnum  0
     -socket  59473

Thu Aug 27 00:35:08 2020


 Elaboration Time: 0.203125 sec

 Current Memory Usage: 1356.26 Meg

 Total Signals          : 8
 Total Nets             : 4
 Total Signal Drivers   : 4
 Total Blocks           : 4
 Total Primitive Blocks : 3
 Total Processes        : 3
 Total Traceable Variables  : 9
 Total Scalar Nets and Variables : 365

** Failure:finish
User(VHDL) Code Called Simulation Stop
In process tff_tb.vhd:stim_proc 
 


 Total Simulation Time: 0.234375 sec

 Current Memory Usage: 883.724 Meg

Thu Aug 27 00:36:37 2020

