Command line:
   rc_tb_isim_beh.exe
     -simmode  gui
     -simrunnum  0
     -socket  49774

Thu Aug 27 20:00:17 2020


 Elaboration Time: 0.234375 sec

 Current Memory Usage: 1355.67 Meg

 Total Signals          : 31
 Total Nets             : 14
 Total Signal Drivers   : 10
 Total Blocks           : 8
 Total Primitive Blocks : 6
 Total Processes        : 6
 Total Traceable Variables  : 9
 Total Scalar Nets and Variables : 375

** Failure:finish
User(VHDL) Code Called Simulation Stop
In process rc_tb.vhd:stim_proc 
 


 Total Simulation Time: 0.25 sec

 Current Memory Usage: 883.134 Meg

Thu Aug 27 20:01:35 2020

