Command line:
   q3_moore_tb_isim_beh.exe
     -simmode  gui
     -simrunnum  0
     -socket  50331

Thu Aug 27 20:25:01 2020


 Elaboration Time: 0.21875 sec

 Current Memory Usage: 1356.65 Meg

 Total Signals          : 9
 Total Nets             : 5
 Total Signal Drivers   : 5
 Total Blocks           : 4
 Total Primitive Blocks : 3
 Total Processes        : 4
 Total Traceable Variables  : 9
 Total Scalar Nets and Variables : 366

** Failure:finish
User(VHDL) Code Called Simulation Stop
In process q3_moore_tb.vhd:stim_proc 
 


** Failure:finish
User(VHDL) Code Called Simulation Stop
In process q3_moore_tb.vhd:stim_proc 
 


 Total Simulation Time: 0.34375 sec

 Current Memory Usage: 1356.76 Meg

Thu Aug 27 20:25:40 2020

